{"/Users/rakeshroshan/frontend-developer-rakesh/src/Utils/Utils.tsx": {"path":"/Users/rakeshroshan/frontend-developer-rakesh/src/Utils/Utils.tsx","statementMap":{"0":{"start":{"line":3,"column":30},"end":{"line":9,"column":1}},"1":{"start":{"line":7,"column":18},"end":{"line":7,"column":57}},"2":{"start":{"line":8,"column":2},"end":{"line":8,"column":17}}},"fnMap":{"0":{"name":"(anonymous_0)","decl":{"start":{"line":3,"column":30},"end":{"line":3,"column":31}},"loc":{"start":{"line":6,"column":5},"end":{"line":9,"column":1}},"line":6}},"branchMap":{},"s":{"0":2,"1":2,"2":2},"f":{"0":2},"b":{},"_coverageSchema":"43e27e138ebf9cfc5966b082cf9a028302ed4184","hash":"34236cbd42e39d30d292514e4597a9216c969fbc"}
,"/Users/rakeshroshan/frontend-developer-rakesh/src/components/Container/Container.tsx": {"path":"/Users/rakeshroshan/frontend-developer-rakesh/src/components/Container/Container.tsx","statementMap":{"0":{"start":{"line":12,"column":29},"end":{"line":60,"column":1}},"1":{"start":{"line":13,"column":30},"end":{"line":13,"column":65}},"2":{"start":{"line":14,"column":38},"end":{"line":14,"column":49}},"3":{"start":{"line":15,"column":29},"end":{"line":15,"column":44}},"4":{"start":{"line":17,"column":21},"end":{"line":19,"column":3}},"5":{"start":{"line":18,"column":4},"end":{"line":18,"column":38}},"6":{"start":{"line":21,"column":2},"end":{"line":21,"column":33}},"7":{"start":{"line":21,"column":15},"end":{"line":21,"column":33}},"8":{"start":{"line":23,"column":2},"end":{"line":59,"column":4}},"9":{"start":{"line":37,"column":16},"end":{"line":44,"column":18}}},"fnMap":{"0":{"name":"(anonymous_0)","decl":{"start":{"line":12,"column":29},"end":{"line":12,"column":30}},"loc":{"start":{"line":12,"column":35},"end":{"line":60,"column":1}},"line":12},"1":{"name":"(anonymous_1)","decl":{"start":{"line":17,"column":21},"end":{"line":17,"column":22}},"loc":{"start":{"line":17,"column":49},"end":{"line":19,"column":3}},"line":17},"2":{"name":"(anonymous_2)","decl":{"start":{"line":36,"column":23},"end":{"line":36,"column":24}},"loc":{"start":{"line":36,"column":39},"end":{"line":45,"column":15}},"line":36}},"branchMap":{"0":{"loc":{"start":{"line":21,"column":2},"end":{"line":21,"column":33}},"type":"if","locations":[{"start":{"line":21,"column":2},"end":{"line":21,"column":33}},{"start":{"line":21,"column":2},"end":{"line":21,"column":33}}],"line":21},"1":{"loc":{"start":{"line":26,"column":7},"end":{"line":57,"column":7}},"type":"cond-expr","locations":[{"start":{"line":27,"column":8},"end":{"line":47,"column":11}},{"start":{"line":49,"column":8},"end":{"line":56,"column":14}}],"line":26},"2":{"loc":{"start":{"line":35,"column":13},"end":{"line":45,"column":16}},"type":"binary-expr","locations":[{"start":{"line":35,"column":13},"end":{"line":35,"column":17}},{"start":{"line":36,"column":14},"end":{"line":45,"column":16}}],"line":35},"3":{"loc":{"start":{"line":50,"column":11},"end":{"line":54,"column":11}},"type":"cond-expr","locations":[{"start":{"line":51,"column":12},"end":{"line":51,"column":56}},{"start":{"line":53,"column":12},"end":{"line":53,"column":72}}],"line":50}},"s":{"0":0,"1":0,"2":0,"3":0,"4":0,"5":0,"6":0,"7":0,"8":0,"9":0},"f":{"0":0,"1":0,"2":0},"b":{"0":[0,0],"1":[0,0],"2":[0,0],"3":[0,0]},"hash":"e98c0c97f2e743181f06f7ddcd5f8e552c1f3c11"}
,"/Users/rakeshroshan/frontend-developer-rakesh/src/components/Days/Days.tsx": {"path":"/Users/rakeshroshan/frontend-developer-rakesh/src/components/Days/Days.tsx","statementMap":{"0":{"start":{"line":5,"column":30},"end":{"line":11,"column":1}},"1":{"start":{"line":6,"column":2},"end":{"line":10,"column":4}}},"fnMap":{"0":{"name":"(anonymous_0)","decl":{"start":{"line":5,"column":30},"end":{"line":5,"column":31}},"loc":{"start":{"line":5,"column":43},"end":{"line":11,"column":1}},"line":5}},"branchMap":{},"s":{"0":1,"1":1},"f":{"0":1},"b":{},"_coverageSchema":"43e27e138ebf9cfc5966b082cf9a028302ed4184","hash":"faf56356cc78b6c29a893d190e07ede9acefbbff"}
,"/Users/rakeshroshan/frontend-developer-rakesh/src/components/Icon/Icon.tsx": {"path":"/Users/rakeshroshan/frontend-developer-rakesh/src/components/Icon/Icon.tsx","statementMap":{"0":{"start":{"line":12,"column":31},"end":{"line":44,"column":1}},"1":{"start":{"line":13,"column":2},"end":{"line":43,"column":3}},"2":{"start":{"line":15,"column":6},"end":{"line":17,"column":8}},"3":{"start":{"line":19,"column":6},"end":{"line":19,"column":77}},"4":{"start":{"line":21,"column":6},"end":{"line":23,"column":8}},"5":{"start":{"line":25,"column":6},"end":{"line":32,"column":8}},"6":{"start":{"line":34,"column":6},"end":{"line":36,"column":8}},"7":{"start":{"line":38,"column":6},"end":{"line":38,"column":75}},"8":{"start":{"line":40,"column":6},"end":{"line":42,"column":8}}},"fnMap":{"0":{"name":"(anonymous_0)","decl":{"start":{"line":12,"column":31},"end":{"line":12,"column":32}},"loc":{"start":{"line":12,"column":45},"end":{"line":44,"column":1}},"line":12}},"branchMap":{"0":{"loc":{"start":{"line":13,"column":2},"end":{"line":43,"column":3}},"type":"switch","locations":[{"start":{"line":14,"column":4},"end":{"line":17,"column":8}},{"start":{"line":18,"column":4},"end":{"line":19,"column":77}},{"start":{"line":20,"column":4},"end":{"line":23,"column":8}},{"start":{"line":24,"column":4},"end":{"line":32,"column":8}},{"start":{"line":33,"column":4},"end":{"line":36,"column":8}},{"start":{"line":37,"column":4},"end":{"line":38,"column":75}},{"start":{"line":39,"column":4},"end":{"line":42,"column":8}}],"line":13}},"s":{"0":1,"1":1,"2":1,"3":0,"4":0,"5":0,"6":0,"7":0,"8":0},"f":{"0":1},"b":{"0":[1,0,0,0,0,0,0]},"_coverageSchema":"43e27e138ebf9cfc5966b082cf9a028302ed4184","hash":"ebdd8f5a297fd9cb4e671a1a6f25fc69a78bc4cd"}
,"/Users/rakeshroshan/frontend-developer-rakesh/src/hooks/UseDispatch.tsx": {"path":"/Users/rakeshroshan/frontend-developer-rakesh/src/hooks/UseDispatch.tsx","statementMap":{"0":{"start":{"line":5,"column":29},"end":{"line":16,"column":1}},"1":{"start":{"line":6,"column":44},"end":{"line":6,"column":64}},"2":{"start":{"line":7,"column":26},"end":{"line":7,"column":39}},"3":{"start":{"line":9,"column":2},"end":{"line":13,"column":39}},"4":{"start":{"line":10,"column":4},"end":{"line":12,"column":5}},"5":{"start":{"line":11,"column":6},"end":{"line":11,"column":58}},"6":{"start":{"line":15,"column":2},"end":{"line":15,"column":28}}},"fnMap":{"0":{"name":"(anonymous_0)","decl":{"start":{"line":5,"column":29},"end":{"line":5,"column":30}},"loc":{"start":{"line":5,"column":35},"end":{"line":16,"column":1}},"line":5},"1":{"name":"(anonymous_1)","decl":{"start":{"line":9,"column":12},"end":{"line":9,"column":13}},"loc":{"start":{"line":9,"column":18},"end":{"line":13,"column":3}},"line":9}},"branchMap":{"0":{"loc":{"start":{"line":10,"column":4},"end":{"line":12,"column":5}},"type":"if","locations":[{"start":{"line":10,"column":4},"end":{"line":12,"column":5}},{"start":{"line":10,"column":4},"end":{"line":12,"column":5}}],"line":10}},"s":{"0":0,"1":0,"2":0,"3":0,"4":0,"5":0,"6":0},"f":{"0":0,"1":0},"b":{"0":[0,0]},"hash":"345a807d8000192efad35c3a946094bbbf4bff84"}
,"/Users/rakeshroshan/frontend-developer-rakesh/src/hooks/UseSelect.tsx": {"path":"/Users/rakeshroshan/frontend-developer-rakesh/src/hooks/UseSelect.tsx","statementMap":{"0":{"start":{"line":4,"column":25},"end":{"line":13,"column":1}},"1":{"start":{"line":5,"column":38},"end":{"line":11,"column":3}},"2":{"start":{"line":6,"column":49},"end":{"line":10,"column":5}},"3":{"start":{"line":12,"column":2},"end":{"line":12,"column":37}}},"fnMap":{"0":{"name":"(anonymous_0)","decl":{"start":{"line":4,"column":25},"end":{"line":4,"column":26}},"loc":{"start":{"line":4,"column":31},"end":{"line":13,"column":1}},"line":4},"1":{"name":"(anonymous_1)","decl":{"start":{"line":6,"column":4},"end":{"line":6,"column":5}},"loc":{"start":{"line":6,"column":49},"end":{"line":10,"column":5}},"line":6}},"branchMap":{},"s":{"0":0,"1":0,"2":0,"3":0},"f":{"0":0,"1":0},"b":{},"hash":"e22ab7a4bc753e0bd88ee4935105dd87c052d1dc"}
}
